<?xml version="1.0" encoding="UTF-8"?>
<testsuite xmlns:xsi="http://www.w3.org/2001/XMLSchema-instance" xsi:noNamespaceSchemaLocation="https://maven.apache.org/surefire/maven-surefire-plugin/xsd/surefire-test-report-3.0.xsd" version="3.0" name="dasniko.keycloak.resource.admin.MyAdminRealmResourceProviderTest" time="122.9" tests="1" errors="1" skipped="0" failures="0">
  <properties>
[...]
</properties>
  <testcase name="" classname="dasniko.keycloak.resource.admin.MyAdminRealmResourceProviderTest" time="122.9">
    <error message="Container startup failed for image quay.io/keycloak/keycloak:24.0" type="org.testcontainers.containers.ContainerLaunchException"><![CDATA[org.testcontainers.containers.ContainerLaunchException: Container startup failed for image quay.io/keycloak/keycloak:24.0
	at org.testcontainers.containers.GenericContainer.doStart(GenericContainer.java:359)
	at org.testcontainers.containers.GenericContainer.start(GenericContainer.java:330)
	at org.testcontainers.junit.jupiter.TestcontainersExtension$StoreAdapter.start(TestcontainersExtension.java:280)
	at org.testcontainers.junit.jupiter.TestcontainersExtension$StoreAdapter.access$200(TestcontainersExtension.java:267)
	at org.testcontainers.junit.jupiter.TestcontainersExtension.lambda$null$4(TestcontainersExtension.java:82)
	at org.testcontainers.junit.jupiter.TestcontainersExtension.lambda$startContainers$5(TestcontainersExtension.java:82)
	at java.base/java.util.ArrayList.forEach(ArrayList.java:1511)
	at org.testcontainers.junit.jupiter.TestcontainersExtension.startContainers(TestcontainersExtension.java:82)
	at org.testcontainers.junit.jupiter.TestcontainersExtension.beforeAll(TestcontainersExtension.java:56)
	at java.base/java.util.ArrayList.forEach(ArrayList.java:1511)
Caused by: org.rnorth.ducttape.RetryCountExceededException: Retry limit hit with exception
	at org.rnorth.ducttape.unreliables.Unreliables.retryUntilSuccess(Unreliables.java:88)
	at org.testcontainers.containers.GenericContainer.doStart(GenericContainer.java:344)
	... 9 more
Caused by: org.testcontainers.containers.ContainerLaunchException: Could not create/start container
	at org.testcontainers.containers.GenericContainer.tryStart(GenericContainer.java:563)
	at org.testcontainers.containers.GenericContainer.lambda$doStart$0(GenericContainer.java:354)
	at org.rnorth.ducttape.unreliables.Unreliables.retryUntilSuccess(Unreliables.java:81)
	... 10 more
Caused by: java.lang.IllegalStateException: Wait strategy failed. Container exited with code 1
	at org.testcontainers.containers.GenericContainer.tryStart(GenericContainer.java:533)
	... 12 more
Caused by: org.testcontainers.containers.ContainerLaunchException: Timed out waiting for URL to be accessible (http://localhost:54308 should return HTTP 200)
	at org.testcontainers.containers.wait.strategy.HttpWaitStrategy.waitUntilReady(HttpWaitStrategy.java:320)
	at org.testcontainers.containers.wait.strategy.AbstractWaitStrategy.waitUntilReady(AbstractWaitStrategy.java:52)
	at org.testcontainers.containers.GenericContainer.waitUntilContainerStarted(GenericContainer.java:909)
	at org.testcontainers.containers.GenericContainer.tryStart(GenericContainer.java:500)
	... 12 more
Caused by: org.rnorth.ducttape.TimeoutException: Timeout waiting for result with exception
	at org.rnorth.ducttape.unreliables.Unreliables.retryUntilSuccess(Unreliables.java:54)
	at org.testcontainers.containers.wait.strategy.HttpWaitStrategy.waitUntilReady(HttpWaitStrategy.java:252)
	... 15 more
Caused by: java.lang.RuntimeException: java.net.ConnectException: Connection refused: connect
	at org.testcontainers.containers.wait.strategy.HttpWaitStrategy.lambda$null$6(HttpWaitStrategy.java:312)
	at org.rnorth.ducttape.ratelimits.RateLimiter.doWhenReady(RateLimiter.java:27)
	at org.testcontainers.containers.wait.strategy.HttpWaitStrategy.lambda$waitUntilReady$7(HttpWaitStrategy.java:257)
	at org.rnorth.ducttape.unreliables.Unreliables.lambda$retryUntilSuccess$0(Unreliables.java:43)
	at java.base/java.util.concurrent.FutureTask.run(FutureTask.java:264)
	at java.base/java.util.concurrent.ThreadPoolExecutor.runWorker(ThreadPoolExecutor.java:1136)
	at java.base/java.util.concurrent.ThreadPoolExecutor$Worker.run(ThreadPoolExecutor.java:635)
	at java.base/java.lang.Thread.run(Thread.java:833)
Caused by: java.net.ConnectException: Connection refused: connect
	at java.base/sun.nio.ch.Net.connect0(Native Method)
	at java.base/sun.nio.ch.Net.connect(Net.java:579)
	at java.base/sun.nio.ch.Net.connect(Net.java:568)
	at java.base/sun.nio.ch.NioSocketImpl.connect(NioSocketImpl.java:593)
	at java.base/java.net.Socket.connect(Socket.java:633)
	at java.base/java.net.Socket.connect(Socket.java:583)
	at java.base/sun.net.NetworkClient.doConnect(NetworkClient.java:183)
	at java.base/sun.net.www.http.HttpClient.openServer(HttpClient.java:533)
	at java.base/sun.net.www.http.HttpClient.openServer(HttpClient.java:638)
	at java.base/sun.net.www.http.HttpClient.<init>(HttpClient.java:281)
	at java.base/sun.net.www.http.HttpClient.New(HttpClient.java:386)
	at java.base/sun.net.www.http.HttpClient.New(HttpClient.java:408)
	at java.base/sun.net.www.protocol.http.HttpURLConnection.getNewHttpClient(HttpURLConnection.java:1309)
	at java.base/sun.net.www.protocol.http.HttpURLConnection.plainConnect0(HttpURLConnection.java:1242)
	at java.base/sun.net.www.protocol.http.HttpURLConnection.plainConnect(HttpURLConnection.java:1128)
	at java.base/sun.net.www.protocol.http.HttpURLConnection.connect(HttpURLConnection.java:1057)
	at org.testcontainers.containers.wait.strategy.HttpWaitStrategy.lambda$null$6(HttpWaitStrategy.java:274)
	... 7 more
]]></error>
    <system-out><![CDATA[0    [main] INFO  org.testcontainers.images.PullPolicy  - Image pull policy will be performed by: DefaultPullPolicy()
3    [main] INFO  org.testcontainers.utility.ImageNameSubstitutor  - Image name substitution will be performed by: DefaultImageNameSubstitutor (composite of 'ConfigurationFileImageNameSubstitutor' and 'PrefixingImageNameSubstitutor')
510  [main] INFO  org.testcontainers.dockerclient.DockerClientProviderStrategy  - Loaded org.testcontainers.dockerclient.NpipeSocketClientProviderStrategy from ~/.testcontainers.properties, will try it first
865  [main] INFO  org.testcontainers.dockerclient.DockerClientProviderStrategy  - Found Docker environment with local Npipe socket (npipe:////./pipe/docker_engine)
868  [main] INFO  org.testcontainers.DockerClientFactory  - Docker host IP address is localhost
888  [main] INFO  org.testcontainers.DockerClientFactory  - Connected to docker: 
  Server Version: 25.0.3
  API Version: 1.44
  Operating System: Docker Desktop
  Total Memory: 11833 MB
920  [main] INFO  tc.testcontainers/ryuk:0.6.0  - Creating container for image: testcontainers/ryuk:0.6.0
1274 [main] INFO  tc.testcontainers/ryuk:0.6.0  - Container testcontainers/ryuk:0.6.0 is starting: 797dc5c6df76a15d818296f67ad97d28ba231f73301998469d0749f4736ec2b5
1813 [main] INFO  tc.testcontainers/ryuk:0.6.0  - Container testcontainers/ryuk:0.6.0 started in PT0.8933465S
1822 [main] INFO  org.testcontainers.utility.RyukResourceReaper  - Ryuk started - will monitor and terminate Testcontainers containers on JVM exit
1822 [main] INFO  org.testcontainers.DockerClientFactory  - Checking the system...
1823 [main] INFO  org.testcontainers.DockerClientFactory  - ?? Docker server version should be at least 1.6.0
1932 [main] INFO  tc.quay.io/keycloak/keycloak:24.0  - Creating container for image: quay.io/keycloak/keycloak:24.0
2185 [main] INFO  org.testcontainers.utility.RegistryAuthLocator  - Credential helper/store (docker-credential-desktop) does not have credentials for quay.io
2308 [main] INFO  tc.quay.io/keycloak/keycloak:24.0  - Container quay.io/keycloak/keycloak:24.0 is starting: f81c8cb28386d8c3e99d18f650c3c0095adedcbbac01743bdcbebd316c96f755
2583 [docker-java-stream--859647012] INFO  tc.quay.io/keycloak/keycloak:24.0  - STDOUT: JAVA_OPTS_KC_HEAP already set in environment; overriding default settings with values: -XX:InitialRAMPercentage=1 -XX:MaxRAMPercentage=5
2656 [main] INFO  org.testcontainers.containers.wait.strategy.HttpWaitStrategy  - /elastic_neumann: Waiting for 120 seconds for URL: http://localhost:54308 (where port 54308 maps to container port 8080)
4034 [docker-java-stream--859647012] INFO  tc.quay.io/keycloak/keycloak:24.0  - STDOUT: Updating the configuration and installing your custom providers, if any. Please wait.
9094 [docker-java-stream--859647012] INFO  tc.quay.io/keycloak/keycloak:24.0  - STDOUT: 2024-03-11 07:24:19,887 WARN  [org.key.services] (build-44) KC-SERVICES0047: my-admin-rest-resource (dasniko.keycloak.resource.admin.MyAdminRealmResourceProvider) is implementing the internal SPI admin-realm-restapi-extension. This SPI is internal and may change without notice
9094 [docker-java-stream--859647012] INFO  tc.quay.io/keycloak/keycloak:24.0  - STDOUT: 2024-03-11 07:24:20,008 WARN  [org.key.services] (build-44) KC-SERVICES0047: my-rest-resource (dasniko.keycloak.resource.MyResourceProviderFactory) is implementing the internal SPI realm-restapi-extension. This SPI is internal and may change without notice
10109 [docker-java-stream--859647012] INFO  tc.quay.io/keycloak/keycloak:24.0  - STDERR: ERROR: Failed to run 'build' command.
10110 [docker-java-stream--859647012] INFO  tc.quay.io/keycloak/keycloak:24.0  - STDERR: ERROR: io.quarkus.builder.BuildException: Build failure: Build failed due to errors
10110 [docker-java-stream--859647012] INFO  tc.quay.io/keycloak/keycloak:24.0  - STDERR: 	[error]: Build step io.quarkus.arc.deployment.ArcProcessor#validate threw an exception: jakarta.enterprise.inject.spi.DeploymentException: Found 2 deployment problems: 
10110 [docker-java-stream--859647012] INFO  tc.quay.io/keycloak/keycloak:24.0  - STDERR: [1] Unsatisfied dependency for type org.keycloak.models.RealmModel and qualifiers [@Default]
10110 [docker-java-stream--859647012] INFO  tc.quay.io/keycloak/keycloak:24.0  - STDERR: 	- injection target: parameter 'realm' of dasniko.keycloak.resource.admin.MyAdminRealmResource constructor
10110 [docker-java-stream--859647012] INFO  tc.quay.io/keycloak/keycloak:24.0  - STDERR: 	- declared on CLASS bean [types=[dasniko.keycloak.resource.admin.MyAdminRealmResource, java.lang.Object], qualifiers=[@Default, @Any], target=dasniko.keycloak.resource.admin.MyAdminRealmResource]
10111 [docker-java-stream--859647012] INFO  tc.quay.io/keycloak/keycloak:24.0  - STDERR: [2] Unsatisfied dependency for type org.keycloak.services.resources.admin.permissions.AdminPermissionEvaluator and qualifiers [@Default]
10111 [docker-java-stream--859647012] INFO  tc.quay.io/keycloak/keycloak:24.0  - STDERR: 	- injection target: parameter 'auth' of dasniko.keycloak.resource.admin.MyAdminRealmResource constructor
10111 [docker-java-stream--859647012] INFO  tc.quay.io/keycloak/keycloak:24.0  - STDERR: 	- declared on CLASS bean [types=[dasniko.keycloak.resource.admin.MyAdminRealmResource, java.lang.Object], qualifiers=[@Default, @Any], target=dasniko.keycloak.resource.admin.MyAdminRealmResource]
10111 [docker-java-stream--859647012] INFO  tc.quay.io/keycloak/keycloak:24.0  - STDERR: 	The following classes match by type, but have been skipped during discovery:
10111 [docker-java-stream--859647012] INFO  tc.quay.io/keycloak/keycloak:24.0  - STDERR: 	- org.keycloak.services.resources.admin.permissions.MgmtPermissions does not declare a valid bean constructor
10111 [docker-java-stream--859647012] INFO  tc.quay.io/keycloak/keycloak:24.0  - STDERR: 
10112 [docker-java-stream--859647012] INFO  tc.quay.io/keycloak/keycloak:24.0  - STDERR: 
10112 [docker-java-stream--859647012] INFO  tc.quay.io/keycloak/keycloak:24.0  - STDERR: 	at io.quarkus.arc.processor.BeanDeployment.processErrors(BeanDeployment.java:1516)
10112 [docker-java-stream--859647012] INFO  tc.quay.io/keycloak/keycloak:24.0  - STDERR: 	at io.quarkus.arc.processor.BeanDeployment.init(BeanDeployment.java:320)
10112 [docker-java-stream--859647012] INFO  tc.quay.io/keycloak/keycloak:24.0  - STDERR: 	at io.quarkus.arc.processor.BeanProcessor.initialize(BeanProcessor.java:160)
10112 [docker-java-stream--859647012] INFO  tc.quay.io/keycloak/keycloak:24.0  - STDERR: 	at io.quarkus.arc.deployment.ArcProcessor.validate(ArcProcessor.java:488)
10112 [docker-java-stream--859647012] INFO  tc.quay.io/keycloak/keycloak:24.0  - STDERR: 	at java.base/jdk.internal.reflect.NativeMethodAccessorImpl.invoke0(Native Method)
10113 [docker-java-stream--859647012] INFO  tc.quay.io/keycloak/keycloak:24.0  - STDERR: 	at java.base/jdk.internal.reflect.NativeMethodAccessorImpl.invoke(NativeMethodAccessorImpl.java:77)
10113 [docker-java-stream--859647012] INFO  tc.quay.io/keycloak/keycloak:24.0  - STDERR: 	at java.base/jdk.internal.reflect.DelegatingMethodAccessorImpl.invoke(DelegatingMethodAccessorImpl.java:43)
10113 [docker-java-stream--859647012] INFO  tc.quay.io/keycloak/keycloak:24.0  - STDERR: 	at java.base/java.lang.reflect.Method.invoke(Method.java:568)
10113 [docker-java-stream--859647012] INFO  tc.quay.io/keycloak/keycloak:24.0  - STDERR: 	at io.quarkus.deployment.ExtensionLoader$3.execute(ExtensionLoader.java:849)
10113 [docker-java-stream--859647012] INFO  tc.quay.io/keycloak/keycloak:24.0  - STDERR: 	at io.quarkus.builder.BuildContext.run(BuildContext.java:256)
10113 [docker-java-stream--859647012] INFO  tc.quay.io/keycloak/keycloak:24.0  - STDERR: 	at org.jboss.threads.ContextHandler$1.runWith(ContextHandler.java:18)
10113 [docker-java-stream--859647012] INFO  tc.quay.io/keycloak/keycloak:24.0  - STDERR: 	at org.jboss.threads.EnhancedQueueExecutor$Task.run(EnhancedQueueExecutor.java:2513)
10114 [docker-java-stream--859647012] INFO  tc.quay.io/keycloak/keycloak:24.0  - STDERR: 	at org.jboss.threads.EnhancedQueueExecutor$ThreadBody.run(EnhancedQueueExecutor.java:1538)
10114 [docker-java-stream--859647012] INFO  tc.quay.io/keycloak/keycloak:24.0  - STDERR: 	at java.base/java.lang.Thread.run(Thread.java:840)
10114 [docker-java-stream--859647012] INFO  tc.quay.io/keycloak/keycloak:24.0  - STDERR: 	at org.jboss.threads.JBossThread.run(JBossThread.java:501)
10114 [docker-java-stream--859647012] INFO  tc.quay.io/keycloak/keycloak:24.0  - STDERR: 	Suppressed: jakarta.enterprise.inject.UnsatisfiedResolutionException: Unsatisfied dependency for type org.keycloak.models.RealmModel and qualifiers [@Default]
10114 [docker-java-stream--859647012] INFO  tc.quay.io/keycloak/keycloak:24.0  - STDERR: 	- injection target: parameter 'realm' of dasniko.keycloak.resource.admin.MyAdminRealmResource constructor
10114 [docker-java-stream--859647012] INFO  tc.quay.io/keycloak/keycloak:24.0  - STDERR: 	- declared on CLASS bean [types=[dasniko.keycloak.resource.admin.MyAdminRealmResource, java.lang.Object], qualifiers=[@Default, @Any], target=dasniko.keycloak.resource.admin.MyAdminRealmResource]
10115 [docker-java-stream--859647012] INFO  tc.quay.io/keycloak/keycloak:24.0  - STDERR: 		at io.quarkus.arc.processor.Beans.resolveInjectionPoint(Beans.java:518)
10115 [docker-java-stream--859647012] INFO  tc.quay.io/keycloak/keycloak:24.0  - STDERR: 		at io.quarkus.arc.processor.BeanInfo.init(BeanInfo.java:638)
10115 [docker-java-stream--859647012] INFO  tc.quay.io/keycloak/keycloak:24.0  - STDERR: 		at io.quarkus.arc.processor.BeanDeployment.init(BeanDeployment.java:308)
10115 [docker-java-stream--859647012] INFO  tc.quay.io/keycloak/keycloak:24.0  - STDERR: 		... 13 more
10115 [docker-java-stream--859647012] INFO  tc.quay.io/keycloak/keycloak:24.0  - STDERR: 	Suppressed: jakarta.enterprise.inject.UnsatisfiedResolutionException: Unsatisfied dependency for type org.keycloak.services.resources.admin.permissions.AdminPermissionEvaluator and qualifiers [@Default]
10115 [docker-java-stream--859647012] INFO  tc.quay.io/keycloak/keycloak:24.0  - STDERR: 	- injection target: parameter 'auth' of dasniko.keycloak.resource.admin.MyAdminRealmResource constructor
10115 [docker-java-stream--859647012] INFO  tc.quay.io/keycloak/keycloak:24.0  - STDERR: 	- declared on CLASS bean [types=[dasniko.keycloak.resource.admin.MyAdminRealmResource, java.lang.Object], qualifiers=[@Default, @Any], target=dasniko.keycloak.resource.admin.MyAdminRealmResource]
10116 [docker-java-stream--859647012] INFO  tc.quay.io/keycloak/keycloak:24.0  - STDERR: 	The following classes match by type, but have been skipped during discovery:
10116 [docker-java-stream--859647012] INFO  tc.quay.io/keycloak/keycloak:24.0  - STDERR: 	- org.keycloak.services.resources.admin.permissions.MgmtPermissions does not declare a valid bean constructor
10116 [docker-java-stream--859647012] INFO  tc.quay.io/keycloak/keycloak:24.0  - STDERR: 
10116 [docker-java-stream--859647012] INFO  tc.quay.io/keycloak/keycloak:24.0  - STDERR: 
10116 [docker-java-stream--859647012] INFO  tc.quay.io/keycloak/keycloak:24.0  - STDERR: 		at io.quarkus.arc.processor.Beans.resolveInjectionPoint(Beans.java:518)
10116 [docker-java-stream--859647012] INFO  tc.quay.io/keycloak/keycloak:24.0  - STDERR: 		at io.quarkus.arc.processor.BeanInfo.init(BeanInfo.java:638)
10116 [docker-java-stream--859647012] INFO  tc.quay.io/keycloak/keycloak:24.0  - STDERR: 		at io.quarkus.arc.processor.BeanDeployment.init(BeanDeployment.java:308)
10116 [docker-java-stream--859647012] INFO  tc.quay.io/keycloak/keycloak:24.0  - STDERR: 		... 13 more
10116 [docker-java-stream--859647012] INFO  tc.quay.io/keycloak/keycloak:24.0  - STDERR: 
10117 [docker-java-stream--859647012] INFO  tc.quay.io/keycloak/keycloak:24.0  - STDERR: ERROR: Build failure: Build failed due to errors
10117 [docker-java-stream--859647012] INFO  tc.quay.io/keycloak/keycloak:24.0  - STDERR: 	[error]: Build step io.quarkus.arc.deployment.ArcProcessor#validate threw an exception: jakarta.enterprise.inject.spi.DeploymentException: Found 2 deployment problems: 
10117 [docker-java-stream--859647012] INFO  tc.quay.io/keycloak/keycloak:24.0  - STDERR: [1] Unsatisfied dependency for type org.keycloak.models.RealmModel and qualifiers [@Default]
10117 [docker-java-stream--859647012] INFO  tc.quay.io/keycloak/keycloak:24.0  - STDERR: 	- injection target: parameter 'realm' of dasniko.keycloak.resource.admin.MyAdminRealmResource constructor
10117 [docker-java-stream--859647012] INFO  tc.quay.io/keycloak/keycloak:24.0  - STDERR: 	- declared on CLASS bean [types=[dasniko.keycloak.resource.admin.MyAdminRealmResource, java.lang.Object], qualifiers=[@Default, @Any], target=dasniko.keycloak.resource.admin.MyAdminRealmResource]
10117 [docker-java-stream--859647012] INFO  tc.quay.io/keycloak/keycloak:24.0  - STDERR: [2] Unsatisfied dependency for type org.keycloak.services.resources.admin.permissions.AdminPermissionEvaluator and qualifiers [@Default]
10117 [docker-java-stream--859647012] INFO  tc.quay.io/keycloak/keycloak:24.0  - STDERR: 	- injection target: parameter 'auth' of dasniko.keycloak.resource.admin.MyAdminRealmResource constructor
10117 [docker-java-stream--859647012] INFO  tc.quay.io/keycloak/keycloak:24.0  - STDERR: 	- declared on CLASS bean [types=[dasniko.keycloak.resource.admin.MyAdminRealmResource, java.lang.Object], qualifiers=[@Default, @Any], target=dasniko.keycloak.resource.admin.MyAdminRealmResource]
10117 [docker-java-stream--859647012] INFO  tc.quay.io/keycloak/keycloak:24.0  - STDERR: 	The following classes match by type, but have been skipped during discovery:
10118 [docker-java-stream--859647012] INFO  tc.quay.io/keycloak/keycloak:24.0  - STDERR: 	- org.keycloak.services.resources.admin.permissions.MgmtPermissions does not declare a valid bean constructor
10118 [docker-java-stream--859647012] INFO  tc.quay.io/keycloak/keycloak:24.0  - STDERR: 
10118 [docker-java-stream--859647012] INFO  tc.quay.io/keycloak/keycloak:24.0  - STDERR: 
10118 [docker-java-stream--859647012] INFO  tc.quay.io/keycloak/keycloak:24.0  - STDERR: 	at io.quarkus.arc.processor.BeanDeployment.processErrors(BeanDeployment.java:1516)
10118 [docker-java-stream--859647012] INFO  tc.quay.io/keycloak/keycloak:24.0  - STDERR: 	at io.quarkus.arc.processor.BeanDeployment.init(BeanDeployment.java:320)
10118 [docker-java-stream--859647012] INFO  tc.quay.io/keycloak/keycloak:24.0  - STDERR: 	at io.quarkus.arc.processor.BeanProcessor.initialize(BeanProcessor.java:160)
10118 [docker-java-stream--859647012] INFO  tc.quay.io/keycloak/keycloak:24.0  - STDERR: 	at io.quarkus.arc.deployment.ArcProcessor.validate(ArcProcessor.java:488)
10118 [docker-java-stream--859647012] INFO  tc.quay.io/keycloak/keycloak:24.0  - STDERR: 	at java.base/jdk.internal.reflect.NativeMethodAccessorImpl.invoke0(Native Method)
10118 [docker-java-stream--859647012] INFO  tc.quay.io/keycloak/keycloak:24.0  - STDERR: 	at java.base/jdk.internal.reflect.NativeMethodAccessorImpl.invoke(NativeMethodAccessorImpl.java:77)
10118 [docker-java-stream--859647012] INFO  tc.quay.io/keycloak/keycloak:24.0  - STDERR: 	at java.base/jdk.internal.reflect.DelegatingMethodAccessorImpl.invoke(DelegatingMethodAccessorImpl.java:43)
10119 [docker-java-stream--859647012] INFO  tc.quay.io/keycloak/keycloak:24.0  - STDERR: 	at java.base/java.lang.reflect.Method.invoke(Method.java:568)
10119 [docker-java-stream--859647012] INFO  tc.quay.io/keycloak/keycloak:24.0  - STDERR: 	at io.quarkus.deployment.ExtensionLoader$3.execute(ExtensionLoader.java:849)
10119 [docker-java-stream--859647012] INFO  tc.quay.io/keycloak/keycloak:24.0  - STDERR: 	at io.quarkus.builder.BuildContext.run(BuildContext.java:256)
10119 [docker-java-stream--859647012] INFO  tc.quay.io/keycloak/keycloak:24.0  - STDERR: 	at org.jboss.threads.ContextHandler$1.runWith(ContextHandler.java:18)
10119 [docker-java-stream--859647012] INFO  tc.quay.io/keycloak/keycloak:24.0  - STDERR: 	at org.jboss.threads.EnhancedQueueExecutor$Task.run(EnhancedQueueExecutor.java:2513)
10119 [docker-java-stream--859647012] INFO  tc.quay.io/keycloak/keycloak:24.0  - STDERR: 	at org.jboss.threads.EnhancedQueueExecutor$ThreadBody.run(EnhancedQueueExecutor.java:1538)
10119 [docker-java-stream--859647012] INFO  tc.quay.io/keycloak/keycloak:24.0  - STDERR: 	at java.base/java.lang.Thread.run(Thread.java:840)
10119 [docker-java-stream--859647012] INFO  tc.quay.io/keycloak/keycloak:24.0  - STDERR: 	at org.jboss.threads.JBossThread.run(JBossThread.java:501)
10119 [docker-java-stream--859647012] INFO  tc.quay.io/keycloak/keycloak:24.0  - STDERR: 	Suppressed: jakarta.enterprise.inject.UnsatisfiedResolutionException: Unsatisfied dependency for type org.keycloak.models.RealmModel and qualifiers [@Default]
10119 [docker-java-stream--859647012] INFO  tc.quay.io/keycloak/keycloak:24.0  - STDERR: 	- injection target: parameter 'realm' of dasniko.keycloak.resource.admin.MyAdminRealmResource constructor
10120 [docker-java-stream--859647012] INFO  tc.quay.io/keycloak/keycloak:24.0  - STDERR: 	- declared on CLASS bean [types=[dasniko.keycloak.resource.admin.MyAdminRealmResource, java.lang.Object], qualifiers=[@Default, @Any], target=dasniko.keycloak.resource.admin.MyAdminRealmResource]
10120 [docker-java-stream--859647012] INFO  tc.quay.io/keycloak/keycloak:24.0  - STDERR: 		at io.quarkus.arc.processor.Beans.resolveInjectionPoint(Beans.java:518)
10120 [docker-java-stream--859647012] INFO  tc.quay.io/keycloak/keycloak:24.0  - STDERR: 		at io.quarkus.arc.processor.BeanInfo.init(BeanInfo.java:638)
10120 [docker-java-stream--859647012] INFO  tc.quay.io/keycloak/keycloak:24.0  - STDERR: 		at io.quarkus.arc.processor.BeanDeployment.init(BeanDeployment.java:308)
10120 [docker-java-stream--859647012] INFO  tc.quay.io/keycloak/keycloak:24.0  - STDERR: 		... 13 more
10120 [docker-java-stream--859647012] INFO  tc.quay.io/keycloak/keycloak:24.0  - STDERR: 	Suppressed: jakarta.enterprise.inject.UnsatisfiedResolutionException: Unsatisfied dependency for type org.keycloak.services.resources.admin.permissions.AdminPermissionEvaluator and qualifiers [@Default]
10121 [docker-java-stream--859647012] INFO  tc.quay.io/keycloak/keycloak:24.0  - STDERR: 	- injection target: parameter 'auth' of dasniko.keycloak.resource.admin.MyAdminRealmResource constructor
10121 [docker-java-stream--859647012] INFO  tc.quay.io/keycloak/keycloak:24.0  - STDERR: 	- declared on CLASS bean [types=[dasniko.keycloak.resource.admin.MyAdminRealmResource, java.lang.Object], qualifiers=[@Default, @Any], target=dasniko.keycloak.resource.admin.MyAdminRealmResource]
10121 [docker-java-stream--859647012] INFO  tc.quay.io/keycloak/keycloak:24.0  - STDERR: 	The following classes match by type, but have been skipped during discovery:
10121 [docker-java-stream--859647012] INFO  tc.quay.io/keycloak/keycloak:24.0  - STDERR: 	- org.keycloak.services.resources.admin.permissions.MgmtPermissions does not declare a valid bean constructor
10121 [docker-java-stream--859647012] INFO  tc.quay.io/keycloak/keycloak:24.0  - STDERR: 
10121 [docker-java-stream--859647012] INFO  tc.quay.io/keycloak/keycloak:24.0  - STDERR: 
10122 [docker-java-stream--859647012] INFO  tc.quay.io/keycloak/keycloak:24.0  - STDERR: 		at io.quarkus.arc.processor.Beans.resolveInjectionPoint(Beans.java:518)
10122 [docker-java-stream--859647012] INFO  tc.quay.io/keycloak/keycloak:24.0  - STDERR: 		at io.quarkus.arc.processor.BeanInfo.init(BeanInfo.java:638)
10122 [docker-java-stream--859647012] INFO  tc.quay.io/keycloak/keycloak:24.0  - STDERR: 		at io.quarkus.arc.processor.BeanDeployment.init(BeanDeployment.java:308)
10122 [docker-java-stream--859647012] INFO  tc.quay.io/keycloak/keycloak:24.0  - STDERR: 		... 13 more
10122 [docker-java-stream--859647012] INFO  tc.quay.io/keycloak/keycloak:24.0  - STDERR: 
10122 [docker-java-stream--859647012] INFO  tc.quay.io/keycloak/keycloak:24.0  - STDERR: ERROR: Found 2 deployment problems: 
10122 [docker-java-stream--859647012] INFO  tc.quay.io/keycloak/keycloak:24.0  - STDERR: [1] Unsatisfied dependency for type org.keycloak.models.RealmModel and qualifiers [@Default]
10122 [docker-java-stream--859647012] INFO  tc.quay.io/keycloak/keycloak:24.0  - STDERR: 	- injection target: parameter 'realm' of dasniko.keycloak.resource.admin.MyAdminRealmResource constructor
10122 [docker-java-stream--859647012] INFO  tc.quay.io/keycloak/keycloak:24.0  - STDERR: 	- declared on CLASS bean [types=[dasniko.keycloak.resource.admin.MyAdminRealmResource, java.lang.Object], qualifiers=[@Default, @Any], target=dasniko.keycloak.resource.admin.MyAdminRealmResource]
10123 [docker-java-stream--859647012] INFO  tc.quay.io/keycloak/keycloak:24.0  - STDERR: [2] Unsatisfied dependency for type org.keycloak.services.resources.admin.permissions.AdminPermissionEvaluator and qualifiers [@Default]
10123 [docker-java-stream--859647012] INFO  tc.quay.io/keycloak/keycloak:24.0  - STDERR: 	- injection target: parameter 'auth' of dasniko.keycloak.resource.admin.MyAdminRealmResource constructor
10123 [docker-java-stream--859647012] INFO  tc.quay.io/keycloak/keycloak:24.0  - STDERR: 	- declared on CLASS bean [types=[dasniko.keycloak.resource.admin.MyAdminRealmResource, java.lang.Object], qualifiers=[@Default, @Any], target=dasniko.keycloak.resource.admin.MyAdminRealmResource]
10123 [docker-java-stream--859647012] INFO  tc.quay.io/keycloak/keycloak:24.0  - STDERR: 	The following classes match by type, but have been skipped during discovery:
10123 [docker-java-stream--859647012] INFO  tc.quay.io/keycloak/keycloak:24.0  - STDERR: 	- org.keycloak.services.resources.admin.permissions.MgmtPermissions does not declare a valid bean constructor
10123 [docker-java-stream--859647012] INFO  tc.quay.io/keycloak/keycloak:24.0  - STDERR: 
10123 [docker-java-stream--859647012] INFO  tc.quay.io/keycloak/keycloak:24.0  - STDERR: 
10123 [docker-java-stream--859647012] INFO  tc.quay.io/keycloak/keycloak:24.0  - STDERR: For more details run the same command passing the '--verbose' option. Also you can use '--help' to see the details about the usage of the particular command.
122681 [main] ERROR tc.quay.io/keycloak/keycloak:24.0  - Could not start container
java.lang.IllegalStateException: Wait strategy failed. Container exited with code 1
	at org.testcontainers.containers.GenericContainer.tryStart(GenericContainer.java:533)
	at org.testcontainers.containers.GenericContainer.lambda$doStart$0(GenericContainer.java:354)
	at org.rnorth.ducttape.unreliables.Unreliables.retryUntilSuccess(Unreliables.java:81)
	at org.testcontainers.containers.GenericContainer.doStart(GenericContainer.java:344)
	at org.testcontainers.containers.GenericContainer.start(GenericContainer.java:330)
	at org.testcontainers.junit.jupiter.TestcontainersExtension$StoreAdapter.start(TestcontainersExtension.java:280)
	at org.testcontainers.junit.jupiter.TestcontainersExtension$StoreAdapter.access$200(TestcontainersExtension.java:267)
	at org.testcontainers.junit.jupiter.TestcontainersExtension.lambda$null$4(TestcontainersExtension.java:82)
	at org.junit.platform.engine.support.store.NamespacedHierarchicalStore.lambda$getOrComputeIfAbsent$5(NamespacedHierarchicalStore.java:147)
	at org.junit.platform.engine.support.store.NamespacedHierarchicalStore$MemoizingSupplier.computeValue(NamespacedHierarchicalStore.java:372)
	at org.junit.platform.engine.support.store.NamespacedHierarchicalStore$MemoizingSupplier.get(NamespacedHierarchicalStore.java:361)
	at org.junit.platform.engine.support.store.NamespacedHierarchicalStore$StoredValue.evaluate(NamespacedHierarchicalStore.java:308)
	at org.junit.platform.engine.support.store.NamespacedHierarchicalStore$StoredValue.access$200(NamespacedHierarchicalStore.java:287)
	at org.junit.platform.engine.support.store.NamespacedHierarchicalStore.getOrComputeIfAbsent(NamespacedHierarchicalStore.java:149)
	at org.junit.jupiter.engine.execution.NamespaceAwareStore.lambda$getOrComputeIfAbsent$2(NamespaceAwareStore.java:57)
	at org.junit.jupiter.engine.execution.NamespaceAwareStore.accessStore(NamespaceAwareStore.java:90)
	at org.junit.jupiter.engine.execution.NamespaceAwareStore.getOrComputeIfAbsent(NamespaceAwareStore.java:57)
	at org.testcontainers.junit.jupiter.TestcontainersExtension.lambda$startContainers$5(TestcontainersExtension.java:82)
	at java.base/java.util.ArrayList.forEach(ArrayList.java:1511)
	at org.testcontainers.junit.jupiter.TestcontainersExtension.startContainers(TestcontainersExtension.java:82)
	at org.testcontainers.junit.jupiter.TestcontainersExtension.beforeAll(TestcontainersExtension.java:56)
	at org.junit.jupiter.engine.descriptor.ClassBasedTestDescriptor.lambda$invokeBeforeAllCallbacks$12(ClassBasedTestDescriptor.java:396)
	at org.junit.platform.engine.support.hierarchical.ThrowableCollector.execute(ThrowableCollector.java:73)
	at org.junit.jupiter.engine.descriptor.ClassBasedTestDescriptor.invokeBeforeAllCallbacks(ClassBasedTestDescriptor.java:396)
	at org.junit.jupiter.engine.descriptor.ClassBasedTestDescriptor.before(ClassBasedTestDescriptor.java:212)
	at org.junit.jupiter.engine.descriptor.ClassBasedTestDescriptor.before(ClassBasedTestDescriptor.java:85)
	at org.junit.platform.engine.support.hierarchical.NodeTestTask.lambda$executeRecursively$6(NodeTestTask.java:148)
	at org.junit.platform.engine.support.hierarchical.ThrowableCollector.execute(ThrowableCollector.java:73)
	at org.junit.platform.engine.support.hierarchical.NodeTestTask.lambda$executeRecursively$8(NodeTestTask.java:141)
	at org.junit.platform.engine.support.hierarchical.Node.around(Node.java:137)
	at org.junit.platform.engine.support.hierarchical.NodeTestTask.lambda$executeRecursively$9(NodeTestTask.java:139)
	at org.junit.platform.engine.support.hierarchical.ThrowableCollector.execute(ThrowableCollector.java:73)
	at org.junit.platform.engine.support.hierarchical.NodeTestTask.executeRecursively(NodeTestTask.java:138)
	at org.junit.platform.engine.support.hierarchical.NodeTestTask.execute(NodeTestTask.java:95)
	at java.base/java.util.ArrayList.forEach(ArrayList.java:1511)
	at org.junit.platform.engine.support.hierarchical.SameThreadHierarchicalTestExecutorService.invokeAll(SameThreadHierarchicalTestExecutorService.java:41)
	at org.junit.platform.engine.support.hierarchical.NodeTestTask.lambda$executeRecursively$6(NodeTestTask.java:155)
	at org.junit.platform.engine.support.hierarchical.ThrowableCollector.execute(ThrowableCollector.java:73)
	at org.junit.platform.engine.support.hierarchical.NodeTestTask.lambda$executeRecursively$8(NodeTestTask.java:141)
	at org.junit.platform.engine.support.hierarchical.Node.around(Node.java:137)
	at org.junit.platform.engine.support.hierarchical.NodeTestTask.lambda$executeRecursively$9(NodeTestTask.java:139)
	at org.junit.platform.engine.support.hierarchical.ThrowableCollector.execute(ThrowableCollector.java:73)
	at org.junit.platform.engine.support.hierarchical.NodeTestTask.executeRecursively(NodeTestTask.java:138)
	at org.junit.platform.engine.support.hierarchical.NodeTestTask.execute(NodeTestTask.java:95)
	at org.junit.platform.engine.support.hierarchical.SameThreadHierarchicalTestExecutorService.submit(SameThreadHierarchicalTestExecutorService.java:35)
	at org.junit.platform.engine.support.hierarchical.HierarchicalTestExecutor.execute(HierarchicalTestExecutor.java:57)
	at org.junit.platform.engine.support.hierarchical.HierarchicalTestEngine.execute(HierarchicalTestEngine.java:54)
	at org.junit.platform.launcher.core.EngineExecutionOrchestrator.execute(EngineExecutionOrchestrator.java:198)
	at org.junit.platform.launcher.core.EngineExecutionOrchestrator.execute(EngineExecutionOrchestrator.java:169)
	at org.junit.platform.launcher.core.EngineExecutionOrchestrator.execute(EngineExecutionOrchestrator.java:93)
	at org.junit.platform.launcher.core.EngineExecutionOrchestrator.lambda$execute$0(EngineExecutionOrchestrator.java:58)
	at org.junit.platform.launcher.core.EngineExecutionOrchestrator.withInterceptedStreams(EngineExecutionOrchestrator.java:141)
	at org.junit.platform.launcher.core.EngineExecutionOrchestrator.execute(EngineExecutionOrchestrator.java:57)
	at org.junit.platform.launcher.core.DefaultLauncher.execute(DefaultLauncher.java:103)
	at org.junit.platform.launcher.core.DefaultLauncher.execute(DefaultLauncher.java:85)
	at org.junit.platform.launcher.core.DelegatingLauncher.execute(DelegatingLauncher.java:47)
	at org.apache.maven.surefire.junitplatform.LazyLauncher.execute(LazyLauncher.java:56)
	at org.apache.maven.surefire.junitplatform.JUnitPlatformProvider.execute(JUnitPlatformProvider.java:184)
	at org.apache.maven.surefire.junitplatform.JUnitPlatformProvider.invokeAllTests(JUnitPlatformProvider.java:148)
	at org.apache.maven.surefire.junitplatform.JUnitPlatformProvider.invoke(JUnitPlatformProvider.java:122)
	at org.apache.maven.surefire.booter.ForkedBooter.runSuitesInProcess(ForkedBooter.java:385)
	at org.apache.maven.surefire.booter.ForkedBooter.execute(ForkedBooter.java:162)
	at org.apache.maven.surefire.booter.ForkedBooter.run(ForkedBooter.java:507)
	at org.apache.maven.surefire.booter.ForkedBooter.main(ForkedBooter.java:495)
Caused by: org.testcontainers.containers.ContainerLaunchException: Timed out waiting for URL to be accessible (http://localhost:54308 should return HTTP 200)
	at org.testcontainers.containers.wait.strategy.HttpWaitStrategy.waitUntilReady(HttpWaitStrategy.java:320)
	at org.testcontainers.containers.wait.strategy.AbstractWaitStrategy.waitUntilReady(AbstractWaitStrategy.java:52)
	at org.testcontainers.containers.GenericContainer.waitUntilContainerStarted(GenericContainer.java:909)
	at org.testcontainers.containers.GenericContainer.tryStart(GenericContainer.java:500)
	... 63 more
Caused by: org.rnorth.ducttape.TimeoutException: Timeout waiting for result with exception
	at org.rnorth.ducttape.unreliables.Unreliables.retryUntilSuccess(Unreliables.java:54)
	at org.testcontainers.containers.wait.strategy.HttpWaitStrategy.waitUntilReady(HttpWaitStrategy.java:252)
	... 66 more
Caused by: java.lang.RuntimeException: java.net.ConnectException: Connection refused: connect
	at org.testcontainers.containers.wait.strategy.HttpWaitStrategy.lambda$null$6(HttpWaitStrategy.java:312)
	at org.rnorth.ducttape.ratelimits.RateLimiter.doWhenReady(RateLimiter.java:27)
	at org.testcontainers.containers.wait.strategy.HttpWaitStrategy.lambda$waitUntilReady$7(HttpWaitStrategy.java:257)
	at org.rnorth.ducttape.unreliables.Unreliables.lambda$retryUntilSuccess$0(Unreliables.java:43)
	at java.base/java.util.concurrent.FutureTask.run(FutureTask.java:264)
	at java.base/java.util.concurrent.ThreadPoolExecutor.runWorker(ThreadPoolExecutor.java:1136)
	at java.base/java.util.concurrent.ThreadPoolExecutor$Worker.run(ThreadPoolExecutor.java:635)
	at java.base/java.lang.Thread.run(Thread.java:833)
Caused by: java.net.ConnectException: Connection refused: connect
	at java.base/sun.nio.ch.Net.connect0(Native Method)
	at java.base/sun.nio.ch.Net.connect(Net.java:579)
	at java.base/sun.nio.ch.Net.connect(Net.java:568)
	at java.base/sun.nio.ch.NioSocketImpl.connect(NioSocketImpl.java:593)
	at java.base/java.net.Socket.connect(Socket.java:633)
	at java.base/java.net.Socket.connect(Socket.java:583)
	at java.base/sun.net.NetworkClient.doConnect(NetworkClient.java:183)
	at java.base/sun.net.www.http.HttpClient.openServer(HttpClient.java:533)
	at java.base/sun.net.www.http.HttpClient.openServer(HttpClient.java:638)
	at java.base/sun.net.www.http.HttpClient.<init>(HttpClient.java:281)
	at java.base/sun.net.www.http.HttpClient.New(HttpClient.java:386)
	at java.base/sun.net.www.http.HttpClient.New(HttpClient.java:408)
	at java.base/sun.net.www.protocol.http.HttpURLConnection.getNewHttpClient(HttpURLConnection.java:1309)
	at java.base/sun.net.www.protocol.http.HttpURLConnection.plainConnect0(HttpURLConnection.java:1242)
	at java.base/sun.net.www.protocol.http.HttpURLConnection.plainConnect(HttpURLConnection.java:1128)
	at java.base/sun.net.www.protocol.http.HttpURLConnection.connect(HttpURLConnection.java:1057)
	at org.testcontainers.containers.wait.strategy.HttpWaitStrategy.lambda$null$6(HttpWaitStrategy.java:274)
	... 7 more
122749 [main] ERROR tc.quay.io/keycloak/keycloak:24.0  - Log output from the failed container:
JAVA_OPTS_KC_HEAP already set in environment; overriding default settings with values: -XX:InitialRAMPercentage=1 -XX:MaxRAMPercentage=5
Updating the configuration and installing your custom providers, if any. Please wait.
2024-03-11 07:24:19,887 WARN  [org.key.services] (build-44) KC-SERVICES0047: my-admin-rest-resource (dasniko.keycloak.resource.admin.MyAdminRealmResourceProvider) is implementing the internal SPI admin-realm-restapi-extension. This SPI is internal and may change without notice
2024-03-11 07:24:20,008 WARN  [org.key.services] (build-44) KC-SERVICES0047: my-rest-resource (dasniko.keycloak.resource.MyResourceProviderFactory) is implementing the internal SPI realm-restapi-extension. This SPI is internal and may change without notice
ERROR: Failed to run 'build' command.
ERROR: io.quarkus.builder.BuildException: Build failure: Build failed due to errors
	[error]: Build step io.quarkus.arc.deployment.ArcProcessor#validate threw an exception: jakarta.enterprise.inject.spi.DeploymentException: Found 2 deployment problems: 
[1] Unsatisfied dependency for type org.keycloak.models.RealmModel and qualifiers [@Default]
	- injection target: parameter 'realm' of dasniko.keycloak.resource.admin.MyAdminRealmResource constructor
	- declared on CLASS bean [types=[dasniko.keycloak.resource.admin.MyAdminRealmResource, java.lang.Object], qualifiers=[@Default, @Any], target=dasniko.keycloak.resource.admin.MyAdminRealmResource]
[2] Unsatisfied dependency for type org.keycloak.services.resources.admin.permissions.AdminPermissionEvaluator and qualifiers [@Default]
	- injection target: parameter 'auth' of dasniko.keycloak.resource.admin.MyAdminRealmResource constructor
	- declared on CLASS bean [types=[dasniko.keycloak.resource.admin.MyAdminRealmResource, java.lang.Object], qualifiers=[@Default, @Any], target=dasniko.keycloak.resource.admin.MyAdminRealmResource]
	The following classes match by type, but have been skipped during discovery:
	- org.keycloak.services.resources.admin.permissions.MgmtPermissions does not declare a valid bean constructor


	at io.quarkus.arc.processor.BeanDeployment.processErrors(BeanDeployment.java:1516)
	at io.quarkus.arc.processor.BeanDeployment.init(BeanDeployment.java:320)
	at io.quarkus.arc.processor.BeanProcessor.initialize(BeanProcessor.java:160)
	at io.quarkus.arc.deployment.ArcProcessor.validate(ArcProcessor.java:488)
	at java.base/jdk.internal.reflect.NativeMethodAccessorImpl.invoke0(Native Method)
	at java.base/jdk.internal.reflect.NativeMethodAccessorImpl.invoke(NativeMethodAccessorImpl.java:77)
	at java.base/jdk.internal.reflect.DelegatingMethodAccessorImpl.invoke(DelegatingMethodAccessorImpl.java:43)
	at java.base/java.lang.reflect.Method.invoke(Method.java:568)
	at io.quarkus.deployment.ExtensionLoader$3.execute(ExtensionLoader.java:849)
	at io.quarkus.builder.BuildContext.run(BuildContext.java:256)
	at org.jboss.threads.ContextHandler$1.runWith(ContextHandler.java:18)
	at org.jboss.threads.EnhancedQueueExecutor$Task.run(EnhancedQueueExecutor.java:2513)
	at org.jboss.threads.EnhancedQueueExecutor$ThreadBody.run(EnhancedQueueExecutor.java:1538)
	at java.base/java.lang.Thread.run(Thread.java:840)
	at org.jboss.threads.JBossThread.run(JBossThread.java:501)
	Suppressed: jakarta.enterprise.inject.UnsatisfiedResolutionException: Unsatisfied dependency for type org.keycloak.models.RealmModel and qualifiers [@Default]
	- injection target: parameter 'realm' of dasniko.keycloak.resource.admin.MyAdminRealmResource constructor
	- declared on CLASS bean [types=[dasniko.keycloak.resource.admin.MyAdminRealmResource, java.lang.Object], qualifiers=[@Default, @Any], target=dasniko.keycloak.resource.admin.MyAdminRealmResource]
		at io.quarkus.arc.processor.Beans.resolveInjectionPoint(Beans.java:518)
		at io.quarkus.arc.processor.BeanInfo.init(BeanInfo.java:638)
		at io.quarkus.arc.processor.BeanDeployment.init(BeanDeployment.java:308)
		... 13 more
	Suppressed: jakarta.enterprise.inject.UnsatisfiedResolutionException: Unsatisfied dependency for type org.keycloak.services.resources.admin.permissions.AdminPermissionEvaluator and qualifiers [@Default]
	- injection target: parameter 'auth' of dasniko.keycloak.resource.admin.MyAdminRealmResource constructor
	- declared on CLASS bean [types=[dasniko.keycloak.resource.admin.MyAdminRealmResource, java.lang.Object], qualifiers=[@Default, @Any], target=dasniko.keycloak.resource.admin.MyAdminRealmResource]
	The following classes match by type, but have been skipped during discovery:
	- org.keycloak.services.resources.admin.permissions.MgmtPermissions does not declare a valid bean constructor


		at io.quarkus.arc.processor.Beans.resolveInjectionPoint(Beans.java:518)
		at io.quarkus.arc.processor.BeanInfo.init(BeanInfo.java:638)
		at io.quarkus.arc.processor.BeanDeployment.init(BeanDeployment.java:308)
		... 13 more

ERROR: Build failure: Build failed due to errors
	[error]: Build step io.quarkus.arc.deployment.ArcProcessor#validate threw an exception: jakarta.enterprise.inject.spi.DeploymentException: Found 2 deployment problems: 
[1] Unsatisfied dependency for type org.keycloak.models.RealmModel and qualifiers [@Default]
	- injection target: parameter 'realm' of dasniko.keycloak.resource.admin.MyAdminRealmResource constructor
	- declared on CLASS bean [types=[dasniko.keycloak.resource.admin.MyAdminRealmResource, java.lang.Object], qualifiers=[@Default, @Any], target=dasniko.keycloak.resource.admin.MyAdminRealmResource]
[2] Unsatisfied dependency for type org.keycloak.services.resources.admin.permissions.AdminPermissionEvaluator and qualifiers [@Default]
	- injection target: parameter 'auth' of dasniko.keycloak.resource.admin.MyAdminRealmResource constructor
	- declared on CLASS bean [types=[dasniko.keycloak.resource.admin.MyAdminRealmResource, java.lang.Object], qualifiers=[@Default, @Any], target=dasniko.keycloak.resource.admin.MyAdminRealmResource]
	The following classes match by type, but have been skipped during discovery:
	- org.keycloak.services.resources.admin.permissions.MgmtPermissions does not declare a valid bean constructor


	at io.quarkus.arc.processor.BeanDeployment.processErrors(BeanDeployment.java:1516)
	at io.quarkus.arc.processor.BeanDeployment.init(BeanDeployment.java:320)
	at io.quarkus.arc.processor.BeanProcessor.initialize(BeanProcessor.java:160)
	at io.quarkus.arc.deployment.ArcProcessor.validate(ArcProcessor.java:488)
	at java.base/jdk.internal.reflect.NativeMethodAccessorImpl.invoke0(Native Method)
	at java.base/jdk.internal.reflect.NativeMethodAccessorImpl.invoke(NativeMethodAccessorImpl.java:77)
	at java.base/jdk.internal.reflect.DelegatingMethodAccessorImpl.invoke(DelegatingMethodAccessorImpl.java:43)
	at java.base/java.lang.reflect.Method.invoke(Method.java:568)
	at io.quarkus.deployment.ExtensionLoader$3.execute(ExtensionLoader.java:849)
	at io.quarkus.builder.BuildContext.run(BuildContext.java:256)
	at org.jboss.threads.ContextHandler$1.runWith(ContextHandler.java:18)
	at org.jboss.threads.EnhancedQueueExecutor$Task.run(EnhancedQueueExecutor.java:2513)
	at org.jboss.threads.EnhancedQueueExecutor$ThreadBody.run(EnhancedQueueExecutor.java:1538)
	at java.base/java.lang.Thread.run(Thread.java:840)
	at org.jboss.threads.JBossThread.run(JBossThread.java:501)
	Suppressed: jakarta.enterprise.inject.UnsatisfiedResolutionException: Unsatisfied dependency for type org.keycloak.models.RealmModel and qualifiers [@Default]
	- injection target: parameter 'realm' of dasniko.keycloak.resource.admin.MyAdminRealmResource constructor
	- declared on CLASS bean [types=[dasniko.keycloak.resource.admin.MyAdminRealmResource, java.lang.Object], qualifiers=[@Default, @Any], target=dasniko.keycloak.resource.admin.MyAdminRealmResource]
		at io.quarkus.arc.processor.Beans.resolveInjectionPoint(Beans.java:518)
		at io.quarkus.arc.processor.BeanInfo.init(BeanInfo.java:638)
		at io.quarkus.arc.processor.BeanDeployment.init(BeanDeployment.java:308)
		... 13 more
	Suppressed: jakarta.enterprise.inject.UnsatisfiedResolutionException: Unsatisfied dependency for type org.keycloak.services.resources.admin.permissions.AdminPermissionEvaluator and qualifiers [@Default]
	- injection target: parameter 'auth' of dasniko.keycloak.resource.admin.MyAdminRealmResource constructor
	- declared on CLASS bean [types=[dasniko.keycloak.resource.admin.MyAdminRealmResource, java.lang.Object], qualifiers=[@Default, @Any], target=dasniko.keycloak.resource.admin.MyAdminRealmResource]
	The following classes match by type, but have been skipped during discovery:
	- org.keycloak.services.resources.admin.permissions.MgmtPermissions does not declare a valid bean constructor


		at io.quarkus.arc.processor.Beans.resolveInjectionPoint(Beans.java:518)
		at io.quarkus.arc.processor.BeanInfo.init(BeanInfo.java:638)
		at io.quarkus.arc.processor.BeanDeployment.init(BeanDeployment.java:308)
		... 13 more

ERROR: Found 2 deployment problems: 
[1] Unsatisfied dependency for type org.keycloak.models.RealmModel and qualifiers [@Default]
	- injection target: parameter 'realm' of dasniko.keycloak.resource.admin.MyAdminRealmResource constructor
	- declared on CLASS bean [types=[dasniko.keycloak.resource.admin.MyAdminRealmResource, java.lang.Object], qualifiers=[@Default, @Any], target=dasniko.keycloak.resource.admin.MyAdminRealmResource]
[2] Unsatisfied dependency for type org.keycloak.services.resources.admin.permissions.AdminPermissionEvaluator and qualifiers [@Default]
	- injection target: parameter 'auth' of dasniko.keycloak.resource.admin.MyAdminRealmResource constructor
	- declared on CLASS bean [types=[dasniko.keycloak.resource.admin.MyAdminRealmResource, java.lang.Object], qualifiers=[@Default, @Any], target=dasniko.keycloak.resource.admin.MyAdminRealmResource]
	The following classes match by type, but have been skipped during discovery:
	- org.keycloak.services.resources.admin.permissions.MgmtPermissions does not declare a valid bean constructor


For more details run the same command passing the '--verbose' option. Also you can use '--help' to see the details about the usage of the particular command.

]]></system-out>
  </testcase>
</testsuite>